<?xml version="1.0" encoding="UTF-8"?>
<testng-results ignored="0" total="1" passed="1" failed="0" skipped="0">
  <reporter-output>
  </reporter-output>
  <suite started-at="2023-09-17T13:20:50 IST" name="Default suite" finished-at="2023-09-17T13:20:50 IST" duration-ms="80">
    <groups>
    </groups>
    <test started-at="2023-09-17T13:20:50 IST" name="Default test" finished-at="2023-09-17T13:20:50 IST" duration-ms="80">
      <class name="vishal.VishalMaven.Buildcheck">
        <test-method signature="sum()[pri:0, instance:vishal.VishalMaven.Buildcheck@6adbc9d]" started-at="2023-09-17T13:20:50 IST" name="sum" finished-at="2023-09-17T13:20:50 IST" duration-ms="18" status="PASS">
          <reporter-output>
          </reporter-output>
        </test-method> <!-- sum -->
      </class> <!-- vishal.VishalMaven.Buildcheck -->
    </test> <!-- Default test -->
  </suite> <!-- Default suite -->
</testng-results>
